This file contains any messages produced by compilers while
running configure, to aid debugging if configure makes a mistake.

It was created by xdrfile configure 1.1.2, which was
generated by GNU Autoconf 2.69.  Invocation command line was

  $ ./configure --enable-shared --prefix=/media/data/projects/src/git-repos/mxdrfile --no-create --no-recursion

## --------- ##
## Platform. ##
## --------- ##

hostname = mmkdmpc
uname -m = x86_64
uname -r = 3.13.0-36-generic
uname -s = Linux
uname -v = #63-Ubuntu SMP Wed Sep 3 21:30:07 UTC 2014

/usr/bin/uname -p = unknown
/bin/uname -X     = unknown

/bin/arch              = unknown
/usr/bin/arch -k       = unknown
/usr/convex/getsysinfo = unknown
/usr/bin/hostinfo      = unknown
/bin/machine           = unknown
/usr/bin/oslevel       = unknown
/bin/universe          = unknown

PATH: /usr/local/gromacs/bin
PATH: /media/discovery/bin
PATH: /media/discovery/bin
PATH: /home/WINADSU/jkapl/bin
PATH: /usr/local/sbin
PATH: /usr/local/bin
PATH: /usr/sbin
PATH: /usr/bin
PATH: /sbin
PATH: /bin
PATH: /usr/games
PATH: /usr/local/games
PATH: /media/gravensteiner/md/MagiC/src/magic-1.0.3.2/bin
PATH: /media/gravensteiner/md/MagiC/src/magic-1.0.3.2/bin
PATH: /media/gravensteiner/md/MagiC/src/magic-1.0.3.2/bin
PATH: /media/gravensteiner/md/MagiC/src/magic-1.0.3.2/bin


## ----------- ##
## Core tests. ##
## ----------- ##

configure:2922: checking build system type
configure:2936: result: x86_64-unknown-linux-gnu
configure:2956: checking host system type
configure:2969: result: x86_64-unknown-linux-gnu
configure:3005: checking for a BSD-compatible install
configure:3073: result: /usr/bin/install -c
configure:3084: checking whether build environment is sane
configure:3121: result: yes
configure:3183: checking for gawk
configure:3199: found /usr/bin/gawk
configure:3210: result: gawk
configure:3221: checking whether make sets $(MAKE)
configure:3243: result: yes
configure:3416: checking how to create a ustar tar archive
configure:3429: tar --version
tar (GNU tar) 1.27.1
Copyright (C) 2013 Free Software Foundation, Inc.
License GPLv3+: GNU GPL version 3 or later <http://gnu.org/licenses/gpl.html>.
This is free software: you are free to change and redistribute it.
There is NO WARRANTY, to the extent permitted by law.

Written by John Gilmore and Jay Fenlason.
configure:3432: $? = 0
configure:3472: tardir=conftest.dir && eval tar --format=ustar -chf - "$tardir" >conftest.tar
tar: value 796627590 out of uid_t range 0..2097151
tar: Exiting with failure status due to previous errors
configure:3475: $? = 2
configure:3479: tar -xf - <conftest.tar
configure:3482: $? = 0
configure:3472: tardir=conftest.dir && eval pax -L -x ustar -w "$tardir" >conftest.tar
./configure: line 3473: pax: command not found
configure:3475: $? = 127
configure:3472: tardir=conftest.dir && eval find "$tardir" -print | cpio -o -H ustar -L >conftest.tar
5 blocks
configure:3475: $? = 0
configure:3479: cpio -i -H ustar -d <conftest.tar
4 blocks
configure:3482: $? = 0
configure:3495: result: cpio
configure:3673: checking for cc
configure:3689: found /usr/bin/cc
configure:3700: result: cc
configure:3731: checking for C compiler version
configure:3740: cc --version >&5
cc (Ubuntu 4.8.2-19ubuntu1) 4.8.2
Copyright (C) 2013 Free Software Foundation, Inc.
This is free software; see the source for copying conditions.  There is NO
warranty; not even for MERCHANTABILITY or FITNESS FOR A PARTICULAR PURPOSE.

configure:3751: $? = 0
configure:3740: cc -v >&5
Using built-in specs.
COLLECT_GCC=cc
COLLECT_LTO_WRAPPER=/usr/lib/gcc/x86_64-linux-gnu/4.8/lto-wrapper
Target: x86_64-linux-gnu
Configured with: ../src/configure -v --with-pkgversion='Ubuntu 4.8.2-19ubuntu1' --with-bugurl=file:///usr/share/doc/gcc-4.8/README.Bugs --enable-languages=c,c++,java,go,d,fortran,objc,obj-c++ --prefix=/usr --program-suffix=-4.8 --enable-shared --enable-linker-build-id --libexecdir=/usr/lib --without-included-gettext --enable-threads=posix --with-gxx-include-dir=/usr/include/c++/4.8 --libdir=/usr/lib --enable-nls --with-sysroot=/ --enable-clocale=gnu --enable-libstdcxx-debug --enable-libstdcxx-time=yes --enable-gnu-unique-object --disable-libmudflap --enable-plugin --with-system-zlib --disable-browser-plugin --enable-java-awt=gtk --enable-gtk-cairo --with-java-home=/usr/lib/jvm/java-1.5.0-gcj-4.8-amd64/jre --enable-java-home --with-jvm-root-dir=/usr/lib/jvm/java-1.5.0-gcj-4.8-amd64 --with-jvm-jar-dir=/usr/lib/jvm-exports/java-1.5.0-gcj-4.8-amd64 --with-arch-directory=amd64 --with-ecj-jar=/usr/share/java/eclipse-ecj.jar --enable-objc-gc --enable-multiarch --disable-werror --with-arch-32=i686 --with-abi=m64 --with-multilib-list=m32,m64,mx32 --with-tune=generic --enable-checking=release --build=x86_64-linux-gnu --host=x86_64-linux-gnu --target=x86_64-linux-gnu
Thread model: posix
gcc version 4.8.2 (Ubuntu 4.8.2-19ubuntu1) 
configure:3751: $? = 0
configure:3740: cc -V >&5
cc: error: unrecognized command line option '-V'
cc: fatal error: no input files
compilation terminated.
configure:3751: $? = 4
configure:3740: cc -qversion >&5
cc: error: unrecognized command line option '-qversion'
cc: fatal error: no input files
compilation terminated.
configure:3751: $? = 4
configure:3771: checking whether the C compiler works
configure:3793: cc    conftest.c  >&5
configure:3797: $? = 0
configure:3845: result: yes
configure:3848: checking for C compiler default output file name
configure:3850: result: a.out
configure:3856: checking for suffix of executables
configure:3863: cc -o conftest    conftest.c  >&5
configure:3867: $? = 0
configure:3889: result: 
configure:3911: checking whether we are cross compiling
configure:3919: cc -o conftest    conftest.c  >&5
configure:3923: $? = 0
configure:3930: ./conftest
configure:3934: $? = 0
configure:3949: result: no
configure:3954: checking for suffix of object files
configure:3976: cc -c   conftest.c >&5
configure:3980: $? = 0
configure:4001: result: o
configure:4005: checking whether we are using the GNU C compiler
configure:4024: cc -c   conftest.c >&5
configure:4024: $? = 0
configure:4033: result: yes
configure:4042: checking whether cc accepts -g
configure:4062: cc -c -g  conftest.c >&5
configure:4062: $? = 0
configure:4103: result: yes
configure:4120: checking for cc option to accept ISO C89
configure:4183: cc  -c -g -O2  conftest.c >&5
configure:4183: $? = 0
configure:4196: result: none needed
configure:4227: checking for style of include used by make
configure:4255: result: GNU
configure:4283: checking dependency style of cc
configure:4373: result: gcc3
configure:5470: checking how to run the C preprocessor
configure:5501: cc -E  conftest.c
configure:5501: $? = 0
configure:5515: cc -E  conftest.c
conftest.c:16:28: fatal error: ac_nonexistent.h: No such file or directory
 #include <ac_nonexistent.h>
                            ^
compilation terminated.
configure:5515: $? = 1
configure: failed program was:
| /* confdefs.h */
| #define PACKAGE_NAME "xdrfile"
| #define PACKAGE_TARNAME "xdrfile"
| #define PACKAGE_VERSION "1.1.2"
| #define PACKAGE_STRING "xdrfile 1.1.2"
| #define PACKAGE_BUGREPORT "gmx-users@gromacs.org"
| #define PACKAGE_URL ""
| #define PACKAGE "xdrfile"
| #define VERSION "1.1.2"
| #define BUILD_TIME "Mon Sep 29 15:37:11 CEST 2014"
| #define BUILD_USER "jkapl@mmkdmpc"
| #define BUILD_MACHINE "Linux 3.13.0-36-generic x86_64"
| #define F77_OR_C_FUNC(name,NAME) name
| #define F77_OR_C_FUNC_(name,NAME) name
| /* end confdefs.h.  */
| #include <ac_nonexistent.h>
configure:5540: result: cc -E
configure:5560: cc -E  conftest.c
configure:5560: $? = 0
configure:5574: cc -E  conftest.c
conftest.c:16:28: fatal error: ac_nonexistent.h: No such file or directory
 #include <ac_nonexistent.h>
                            ^
compilation terminated.
configure:5574: $? = 1
configure: failed program was:
| /* confdefs.h */
| #define PACKAGE_NAME "xdrfile"
| #define PACKAGE_TARNAME "xdrfile"
| #define PACKAGE_VERSION "1.1.2"
| #define PACKAGE_STRING "xdrfile 1.1.2"
| #define PACKAGE_BUGREPORT "gmx-users@gromacs.org"
| #define PACKAGE_URL ""
| #define PACKAGE "xdrfile"
| #define VERSION "1.1.2"
| #define BUILD_TIME "Mon Sep 29 15:37:11 CEST 2014"
| #define BUILD_USER "jkapl@mmkdmpc"
| #define BUILD_MACHINE "Linux 3.13.0-36-generic x86_64"
| #define F77_OR_C_FUNC(name,NAME) name
| #define F77_OR_C_FUNC_(name,NAME) name
| /* end confdefs.h.  */
| #include <ac_nonexistent.h>
configure:5994: checking whether cc accepts -O3
configure:6012: result: yes
configure:6292: checking whether cc accepts -msse2
configure:6310: result: yes
configure:6324: checking whether cc accepts -funroll-all-loops
configure:6342: result: yes
configure:6354: checking whether cc accepts -std=gnu99
configure:6372: result: yes
configure:6387: checking whether cc accepts -fexcess-precision=fast
configure:6405: result: yes
configure:6446: checking whether cc accepts  -O3 -fomit-frame-pointer -finline-functions -Wall -Wno-unused -msse2 -funroll-all-loops -std=gnu99 -fexcess-precision=fast
configure:6464: result: yes
configure:6556: checking for grep that handles long lines and -e
configure:6614: result: /bin/grep
configure:6619: checking for egrep
configure:6681: result: /bin/grep -E
configure:6686: checking for ANSI C header files
configure:6714: cc -c  -O3 -fomit-frame-pointer -finline-functions -Wall -Wno-unused -msse2 -funroll-all-loops -std=gnu99 -fexcess-precision=fast  conftest.c >&5
configure:6714: $? = 0
configure:6787: cc -o conftest  -O3 -fomit-frame-pointer -finline-functions -Wall -Wno-unused -msse2 -funroll-all-loops -std=gnu99 -fexcess-precision=fast    conftest.c  >&5
configure:6787: $? = 0
configure:6787: ./conftest
configure:6787: $? = 0
configure:6798: result: yes
configure:6811: checking for sys/types.h
configure:6811: cc -c  -O3 -fomit-frame-pointer -finline-functions -Wall -Wno-unused -msse2 -funroll-all-loops -std=gnu99 -fexcess-precision=fast  conftest.c >&5
configure:6811: $? = 0
configure:6811: result: yes
configure:6811: checking for sys/stat.h
configure:6811: cc -c  -O3 -fomit-frame-pointer -finline-functions -Wall -Wno-unused -msse2 -funroll-all-loops -std=gnu99 -fexcess-precision=fast  conftest.c >&5
configure:6811: $? = 0
configure:6811: result: yes
configure:6811: checking for stdlib.h
configure:6811: cc -c  -O3 -fomit-frame-pointer -finline-functions -Wall -Wno-unused -msse2 -funroll-all-loops -std=gnu99 -fexcess-precision=fast  conftest.c >&5
configure:6811: $? = 0
configure:6811: result: yes
configure:6811: checking for string.h
configure:6811: cc -c  -O3 -fomit-frame-pointer -finline-functions -Wall -Wno-unused -msse2 -funroll-all-loops -std=gnu99 -fexcess-precision=fast  conftest.c >&5
configure:6811: $? = 0
configure:6811: result: yes
configure:6811: checking for memory.h
configure:6811: cc -c  -O3 -fomit-frame-pointer -finline-functions -Wall -Wno-unused -msse2 -funroll-all-loops -std=gnu99 -fexcess-precision=fast  conftest.c >&5
configure:6811: $? = 0
configure:6811: result: yes
configure:6811: checking for strings.h
configure:6811: cc -c  -O3 -fomit-frame-pointer -finline-functions -Wall -Wno-unused -msse2 -funroll-all-loops -std=gnu99 -fexcess-precision=fast  conftest.c >&5
configure:6811: $? = 0
configure:6811: result: yes
configure:6811: checking for inttypes.h
configure:6811: cc -c  -O3 -fomit-frame-pointer -finline-functions -Wall -Wno-unused -msse2 -funroll-all-loops -std=gnu99 -fexcess-precision=fast  conftest.c >&5
configure:6811: $? = 0
configure:6811: result: yes
configure:6811: checking for stdint.h
configure:6811: cc -c  -O3 -fomit-frame-pointer -finline-functions -Wall -Wno-unused -msse2 -funroll-all-loops -std=gnu99 -fexcess-precision=fast  conftest.c >&5
configure:6811: $? = 0
configure:6811: result: yes
configure:6811: checking for unistd.h
configure:6811: cc -c  -O3 -fomit-frame-pointer -finline-functions -Wall -Wno-unused -msse2 -funroll-all-loops -std=gnu99 -fexcess-precision=fast  conftest.c >&5
configure:6811: $? = 0
configure:6811: result: yes
configure:6823: checking whether byte ordering is bigendian
configure:6838: cc -c  -O3 -fomit-frame-pointer -finline-functions -Wall -Wno-unused -msse2 -funroll-all-loops -std=gnu99 -fexcess-precision=fast  conftest.c >&5
conftest.c:27:9: error: unknown type name 'not'
         not a universal capable compiler
         ^
conftest.c:27:15: error: expected '=', ',', ';', 'asm' or '__attribute__' before 'universal'
         not a universal capable compiler
               ^
conftest.c:27:15: error: unknown type name 'universal'
configure:6838: $? = 1
configure: failed program was:
| /* confdefs.h */
| #define PACKAGE_NAME "xdrfile"
| #define PACKAGE_TARNAME "xdrfile"
| #define PACKAGE_VERSION "1.1.2"
| #define PACKAGE_STRING "xdrfile 1.1.2"
| #define PACKAGE_BUGREPORT "gmx-users@gromacs.org"
| #define PACKAGE_URL ""
| #define PACKAGE "xdrfile"
| #define VERSION "1.1.2"
| #define BUILD_TIME "Mon Sep 29 15:37:11 CEST 2014"
| #define BUILD_USER "jkapl@mmkdmpc"
| #define BUILD_MACHINE "Linux 3.13.0-36-generic x86_64"
| #define F77_OR_C_FUNC(name,NAME) name
| #define F77_OR_C_FUNC_(name,NAME) name
| #define STDC_HEADERS 1
| #define HAVE_SYS_TYPES_H 1
| #define HAVE_SYS_STAT_H 1
| #define HAVE_STDLIB_H 1
| #define HAVE_STRING_H 1
| #define HAVE_MEMORY_H 1
| #define HAVE_STRINGS_H 1
| #define HAVE_INTTYPES_H 1
| #define HAVE_STDINT_H 1
| #define HAVE_UNISTD_H 1
| /* end confdefs.h.  */
| #ifndef __APPLE_CC__
| 	       not a universal capable compiler
| 	     #endif
| 	     typedef int dummy;
| 
configure:6891: cc -c  -O3 -fomit-frame-pointer -finline-functions -Wall -Wno-unused -msse2 -funroll-all-loops -std=gnu99 -fexcess-precision=fast  conftest.c >&5
configure:6891: $? = 0
configure:6917: cc -c  -O3 -fomit-frame-pointer -finline-functions -Wall -Wno-unused -msse2 -funroll-all-loops -std=gnu99 -fexcess-precision=fast  conftest.c >&5
conftest.c: In function 'main':
conftest.c:41:4: error: unknown type name 'not'
    not big endian
    ^
conftest.c:41:12: error: expected '=', ',', ';', 'asm' or '__attribute__' before 'endian'
    not big endian
            ^
configure:6917: $? = 1
configure: failed program was:
| /* confdefs.h */
| #define PACKAGE_NAME "xdrfile"
| #define PACKAGE_TARNAME "xdrfile"
| #define PACKAGE_VERSION "1.1.2"
| #define PACKAGE_STRING "xdrfile 1.1.2"
| #define PACKAGE_BUGREPORT "gmx-users@gromacs.org"
| #define PACKAGE_URL ""
| #define PACKAGE "xdrfile"
| #define VERSION "1.1.2"
| #define BUILD_TIME "Mon Sep 29 15:37:11 CEST 2014"
| #define BUILD_USER "jkapl@mmkdmpc"
| #define BUILD_MACHINE "Linux 3.13.0-36-generic x86_64"
| #define F77_OR_C_FUNC(name,NAME) name
| #define F77_OR_C_FUNC_(name,NAME) name
| #define STDC_HEADERS 1
| #define HAVE_SYS_TYPES_H 1
| #define HAVE_SYS_STAT_H 1
| #define HAVE_STDLIB_H 1
| #define HAVE_STRING_H 1
| #define HAVE_MEMORY_H 1
| #define HAVE_STRINGS_H 1
| #define HAVE_INTTYPES_H 1
| #define HAVE_STDINT_H 1
| #define HAVE_UNISTD_H 1
| /* end confdefs.h.  */
| #include <sys/types.h>
| 		#include <sys/param.h>
| 
| #ifdef F77_DUMMY_MAIN
| 
| #  ifdef __cplusplus
|      extern "C"
| #  endif
|    int F77_DUMMY_MAIN() { return 1; }
| 
| #endif
| int
| main ()
| {
| #if BYTE_ORDER != BIG_ENDIAN
| 		 not big endian
| 		#endif
| 
|   ;
|   return 0;
| }
configure:7077: result: no
configure:7105: checking size of int
configure:7110: cc -o conftest  -O3 -fomit-frame-pointer -finline-functions -Wall -Wno-unused -msse2 -funroll-all-loops -std=gnu99 -fexcess-precision=fast    conftest.c  >&5
configure:7110: $? = 0
configure:7110: ./conftest
configure:7110: $? = 0
configure:7124: result: 4
configure:7138: checking size of long int
configure:7143: cc -o conftest  -O3 -fomit-frame-pointer -finline-functions -Wall -Wno-unused -msse2 -funroll-all-loops -std=gnu99 -fexcess-precision=fast    conftest.c  >&5
configure:7143: $? = 0
configure:7143: ./conftest
configure:7143: $? = 0
configure:7157: result: 8
configure:7171: checking size of long long int
configure:7176: cc -o conftest  -O3 -fomit-frame-pointer -finline-functions -Wall -Wno-unused -msse2 -funroll-all-loops -std=gnu99 -fexcess-precision=fast    conftest.c  >&5
configure:7176: $? = 0
configure:7176: ./conftest
configure:7176: $? = 0
configure:7190: result: 8
configure:7206: checking that size_t can hold pointers
configure:7230: cc -c  -O3 -fomit-frame-pointer -finline-functions -Wall -Wno-unused -msse2 -funroll-all-loops -std=gnu99 -fexcess-precision=fast  conftest.c >&5
configure:7230: $? = 0
configure:7231: result: yes
configure:7244: checking floating-point format
configure:7265: cc -c  -O3 -fomit-frame-pointer -finline-functions -Wall -Wno-unused -msse2 -funroll-all-loops -std=gnu99 -fexcess-precision=fast  conftest.c >&5
configure:7268: $? = 0
configure:7296: result: IEEE754 (little-endian byte and word order)
configure:7352: checking whether ln -s works
configure:7356: result: yes
configure:7363: checking whether make sets $(MAKE)
configure:7385: result: yes
configure:7444: checking for a sed that does not truncate output
configure:7498: result: /bin/sed
configure:7512: checking for ld used by cc
configure:7579: result: /usr/bin/ld
configure:7586: checking if the linker (/usr/bin/ld) is GNU ld
configure:7601: result: yes
configure:7606: checking for /usr/bin/ld option to reload object files
configure:7613: result: -r
configure:7631: checking for BSD-compatible nm
configure:7680: result: /usr/bin/nm -B
configure:7684: checking how to recognise dependent libraries
configure:7860: result: pass_all
configure:7947: cc -c  -O3 -fomit-frame-pointer -finline-functions -Wall -Wno-unused -msse2 -funroll-all-loops -std=gnu99 -fexcess-precision=fast  conftest.c >&5
configure:7950: $? = 0
configure:8351: checking dlfcn.h usability
configure:8351: cc -c  -O3 -fomit-frame-pointer -finline-functions -Wall -Wno-unused -msse2 -funroll-all-loops -std=gnu99 -fexcess-precision=fast  conftest.c >&5
configure:8351: $? = 0
configure:8351: result: yes
configure:8351: checking dlfcn.h presence
configure:8351: cc -E  conftest.c
configure:8351: $? = 0
configure:8351: result: yes
configure:8351: checking for dlfcn.h
configure:8351: result: yes
configure:8419: checking for g++
configure:8435: found /usr/bin/g++
configure:8446: result: g++
configure:8473: checking for C++ compiler version
configure:8482: g++ --version >&5
g++ (Ubuntu 4.8.2-19ubuntu1) 4.8.2
Copyright (C) 2013 Free Software Foundation, Inc.
This is free software; see the source for copying conditions.  There is NO
warranty; not even for MERCHANTABILITY or FITNESS FOR A PARTICULAR PURPOSE.

configure:8493: $? = 0
configure:8482: g++ -v >&5
Using built-in specs.
COLLECT_GCC=g++
COLLECT_LTO_WRAPPER=/usr/lib/gcc/x86_64-linux-gnu/4.8/lto-wrapper
Target: x86_64-linux-gnu
Configured with: ../src/configure -v --with-pkgversion='Ubuntu 4.8.2-19ubuntu1' --with-bugurl=file:///usr/share/doc/gcc-4.8/README.Bugs --enable-languages=c,c++,java,go,d,fortran,objc,obj-c++ --prefix=/usr --program-suffix=-4.8 --enable-shared --enable-linker-build-id --libexecdir=/usr/lib --without-included-gettext --enable-threads=posix --with-gxx-include-dir=/usr/include/c++/4.8 --libdir=/usr/lib --enable-nls --with-sysroot=/ --enable-clocale=gnu --enable-libstdcxx-debug --enable-libstdcxx-time=yes --enable-gnu-unique-object --disable-libmudflap --enable-plugin --with-system-zlib --disable-browser-plugin --enable-java-awt=gtk --enable-gtk-cairo --with-java-home=/usr/lib/jvm/java-1.5.0-gcj-4.8-amd64/jre --enable-java-home --with-jvm-root-dir=/usr/lib/jvm/java-1.5.0-gcj-4.8-amd64 --with-jvm-jar-dir=/usr/lib/jvm-exports/java-1.5.0-gcj-4.8-amd64 --with-arch-directory=amd64 --with-ecj-jar=/usr/share/java/eclipse-ecj.jar --enable-objc-gc --enable-multiarch --disable-werror --with-arch-32=i686 --with-abi=m64 --with-multilib-list=m32,m64,mx32 --with-tune=generic --enable-checking=release --build=x86_64-linux-gnu --host=x86_64-linux-gnu --target=x86_64-linux-gnu
Thread model: posix
gcc version 4.8.2 (Ubuntu 4.8.2-19ubuntu1) 
configure:8493: $? = 0
configure:8482: g++ -V >&5
g++: error: unrecognized command line option '-V'
g++: fatal error: no input files
compilation terminated.
configure:8493: $? = 4
configure:8482: g++ -qversion >&5
g++: error: unrecognized command line option '-qversion'
g++: fatal error: no input files
compilation terminated.
configure:8493: $? = 4
configure:8497: checking whether we are using the GNU C++ compiler
configure:8524: g++ -c   conftest.cpp >&5
configure:8524: $? = 0
configure:8533: result: yes
configure:8542: checking whether g++ accepts -g
configure:8570: g++ -c -g  conftest.cpp >&5
configure:8570: $? = 0
configure:8627: result: yes
configure:8652: checking dependency style of g++
configure:8742: result: gcc3
configure:8769: checking how to run the C++ preprocessor
configure:8796: g++ -E  conftest.cpp
configure:8796: $? = 0
configure:8810: g++ -E  conftest.cpp
conftest.cpp:31:28: fatal error: ac_nonexistent.h: No such file or directory
 #include <ac_nonexistent.h>
                            ^
compilation terminated.
configure:8810: $? = 1
configure: failed program was:
| /* confdefs.h */
| #define PACKAGE_NAME "xdrfile"
| #define PACKAGE_TARNAME "xdrfile"
| #define PACKAGE_VERSION "1.1.2"
| #define PACKAGE_STRING "xdrfile 1.1.2"
| #define PACKAGE_BUGREPORT "gmx-users@gromacs.org"
| #define PACKAGE_URL ""
| #define PACKAGE "xdrfile"
| #define VERSION "1.1.2"
| #define BUILD_TIME "Mon Sep 29 15:37:11 CEST 2014"
| #define BUILD_USER "jkapl@mmkdmpc"
| #define BUILD_MACHINE "Linux 3.13.0-36-generic x86_64"
| #define F77_OR_C_FUNC(name,NAME) name
| #define F77_OR_C_FUNC_(name,NAME) name
| #define STDC_HEADERS 1
| #define HAVE_SYS_TYPES_H 1
| #define HAVE_SYS_STAT_H 1
| #define HAVE_STDLIB_H 1
| #define HAVE_STRING_H 1
| #define HAVE_MEMORY_H 1
| #define HAVE_STRINGS_H 1
| #define HAVE_INTTYPES_H 1
| #define HAVE_STDINT_H 1
| #define HAVE_UNISTD_H 1
| #define SIZEOF_INT 4
| #define SIZEOF_LONG_INT 8
| #define SIZEOF_LONG_LONG_INT 8
| #define FLOAT_FORMAT_IEEE754 /**/
| #define HAVE_DLFCN_H 1
| /* end confdefs.h.  */
| #include <ac_nonexistent.h>
configure:8835: result: g++ -E
configure:8855: g++ -E  conftest.cpp
configure:8855: $? = 0
configure:8869: g++ -E  conftest.cpp
conftest.cpp:31:28: fatal error: ac_nonexistent.h: No such file or directory
 #include <ac_nonexistent.h>
                            ^
compilation terminated.
configure:8869: $? = 1
configure: failed program was:
| /* confdefs.h */
| #define PACKAGE_NAME "xdrfile"
| #define PACKAGE_TARNAME "xdrfile"
| #define PACKAGE_VERSION "1.1.2"
| #define PACKAGE_STRING "xdrfile 1.1.2"
| #define PACKAGE_BUGREPORT "gmx-users@gromacs.org"
| #define PACKAGE_URL ""
| #define PACKAGE "xdrfile"
| #define VERSION "1.1.2"
| #define BUILD_TIME "Mon Sep 29 15:37:11 CEST 2014"
| #define BUILD_USER "jkapl@mmkdmpc"
| #define BUILD_MACHINE "Linux 3.13.0-36-generic x86_64"
| #define F77_OR_C_FUNC(name,NAME) name
| #define F77_OR_C_FUNC_(name,NAME) name
| #define STDC_HEADERS 1
| #define HAVE_SYS_TYPES_H 1
| #define HAVE_SYS_STAT_H 1
| #define HAVE_STDLIB_H 1
| #define HAVE_STRING_H 1
| #define HAVE_MEMORY_H 1
| #define HAVE_STRINGS_H 1
| #define HAVE_INTTYPES_H 1
| #define HAVE_STDINT_H 1
| #define HAVE_UNISTD_H 1
| #define SIZEOF_INT 4
| #define SIZEOF_LONG_INT 8
| #define SIZEOF_LONG_LONG_INT 8
| #define FLOAT_FORMAT_IEEE754 /**/
| #define HAVE_DLFCN_H 1
| /* end confdefs.h.  */
| #include <ac_nonexistent.h>
configure:8904: checking the maximum length of command line arguments
configure:9013: result: 32768
configure:9024: checking command to parse /usr/bin/nm -B output from cc object
configure:9129: g++ -c -g -O2  conftest.cpp >&5
configure:9132: $? = 0
configure:9136: /usr/bin/nm -B conftest.o \| sed -n -e 's/^.*[ 	]\([ABCDGIRSTW][ABCDGIRSTW]*\)[ 	][ 	]*\([_A-Za-z][_A-Za-z0-9]*\)$/\1 \2 \2/p' \> conftest.nm
configure:9139: $? = 0
configure:9191: g++ -o conftest -g -O2    conftest.cpp conftstm.o >&5
configure:9194: $? = 0
configure:9232: result: ok
configure:9236: checking for objdir
configure:9251: result: .libs
configure:9343: checking for ar
configure:9359: found /usr/bin/ar
configure:9370: result: ar
configure:9435: checking for ranlib
configure:9451: found /usr/bin/ranlib
configure:9462: result: ranlib
configure:9527: checking for strip
configure:9543: found /usr/bin/strip
configure:9554: result: strip
configure:9840: checking if cc supports -fno-rtti -fno-exceptions
configure:9858: cc -c  -O3 -fomit-frame-pointer -finline-functions -Wall -Wno-unused -msse2 -funroll-all-loops -std=gnu99 -fexcess-precision=fast  -fno-rtti -fno-exceptions conftest.c >&5
cc1: warning: command line option '-fno-rtti' is valid for C++/ObjC++ but not for C [enabled by default]
configure:9862: $? = 0
configure:9875: result: no
configure:9890: checking for cc option to produce PIC
configure:10100: result: -fPIC
configure:10108: checking if cc PIC flag -fPIC works
configure:10126: cc -c  -O3 -fomit-frame-pointer -finline-functions -Wall -Wno-unused -msse2 -funroll-all-loops -std=gnu99 -fexcess-precision=fast  -fPIC -DPIC conftest.c >&5
configure:10130: $? = 0
configure:10143: result: yes
configure:10171: checking if cc static flag -static works
configure:10199: result: yes
configure:10209: checking if cc supports -c -o file.o
configure:10230: cc -c  -O3 -fomit-frame-pointer -finline-functions -Wall -Wno-unused -msse2 -funroll-all-loops -std=gnu99 -fexcess-precision=fast  -o out/conftest2.o conftest.c >&5
configure:10234: $? = 0
configure:10256: result: yes
configure:10282: checking whether the cc linker (/usr/bin/ld -m elf_x86_64) supports shared libraries
configure:11198: result: yes
configure:11219: checking whether -lc should be explicitly linked in
configure:11224: cc -c  -O3 -fomit-frame-pointer -finline-functions -Wall -Wno-unused -msse2 -funroll-all-loops -std=gnu99 -fexcess-precision=fast  conftest.c >&5
configure:11227: $? = 0
configure:11242: cc -shared conftest.o  -v -Wl,-soname -Wl,conftest -o conftest 2\>\&1 \| grep  -lc  \>/dev/null 2\>\&1
configure:11245: $? = 0
configure:11257: result: no
configure:11265: checking dynamic linker characteristics
configure:11853: result: GNU/Linux ld.so
configure:11862: checking how to hardcode library paths into programs
configure:11887: result: immediate
configure:11901: checking whether stripping libraries is possible
configure:11906: result: yes
configure:12463: checking if libtool supports shared libraries
configure:12465: result: yes
configure:12468: checking whether to build shared libraries
configure:12489: result: yes
configure:12492: checking whether to build static libraries
configure:12496: result: yes
configure:12588: creating libtool
configure:13172: checking for ld used by g++
configure:13239: result: /usr/bin/ld -m elf_x86_64
configure:13246: checking if the linker (/usr/bin/ld -m elf_x86_64) is GNU ld
configure:13261: result: yes
configure:13312: checking whether the g++ linker (/usr/bin/ld -m elf_x86_64) supports shared libraries
configure:14208: result: yes
configure:14230: g++ -c -g -O2  conftest.cpp >&5
configure:14233: $? = 0
configure:14352: checking for g++ option to produce PIC
configure:14626: result: -fPIC
configure:14634: checking if g++ PIC flag -fPIC works
configure:14652: g++ -c -g -O2  -fPIC -DPIC conftest.cpp >&5
configure:14656: $? = 0
configure:14669: result: yes
configure:14697: checking if g++ static flag -static works
configure:14725: result: yes
configure:14735: checking if g++ supports -c -o file.o
configure:14756: g++ -c -g -O2  -o out/conftest2.o conftest.cpp >&5
configure:14760: $? = 0
configure:14782: result: yes
configure:14808: checking whether the g++ linker (/usr/bin/ld -m elf_x86_64) supports shared libraries
configure:14833: result: yes
configure:14900: checking dynamic linker characteristics
configure:15488: result: GNU/Linux ld.so
configure:15497: checking how to hardcode library paths into programs
configure:15522: result: immediate
configure:21585: checking for special C compiler options needed for large files
configure:21638: result: no
configure:21644: checking for _FILE_OFFSET_BITS value needed for large files
configure:21677: cc -c  -O3 -fomit-frame-pointer -finline-functions -Wall -Wno-unused -msse2 -funroll-all-loops -std=gnu99 -fexcess-precision=fast  conftest.c >&5
configure:21677: $? = 0
configure:21717: result: no
configure:21818: checking for _LARGEFILE_SOURCE value needed for large files
configure:21845: cc -o conftest  -O3 -fomit-frame-pointer -finline-functions -Wall -Wno-unused -msse2 -funroll-all-loops -std=gnu99 -fexcess-precision=fast    conftest.c  >&5
configure:21845: $? = 0
configure:21881: result: no
configure:21915: checking for sqrt in -lm
configure:21948: cc -o conftest  -O3 -fomit-frame-pointer -finline-functions -Wall -Wno-unused -msse2 -funroll-all-loops -std=gnu99 -fexcess-precision=fast    conftest.c -lm   >&5
conftest.c:39:6: warning: conflicting types for built-in function 'sqrt' [enabled by default]
 char sqrt ();
      ^
configure:21948: $? = 0
configure:21957: result: yes
configure:21986: checking rpc/rpc.h usability
configure:21986: cc -c  -O3 -fomit-frame-pointer -finline-functions -Wall -Wno-unused -msse2 -funroll-all-loops -std=gnu99 -fexcess-precision=fast  conftest.c >&5
configure:21986: $? = 0
configure:21986: result: yes
configure:21986: checking rpc/rpc.h presence
configure:21986: cc -E  conftest.c
configure:21986: $? = 0
configure:21986: result: yes
configure:21986: checking for rpc/rpc.h
configure:21986: result: yes
configure:21998: checking for rpc/xdr.h
configure:21998: cc -c  -O3 -fomit-frame-pointer -finline-functions -Wall -Wno-unused -msse2 -funroll-all-loops -std=gnu99 -fexcess-precision=fast  conftest.c >&5
configure:21998: $? = 0
configure:21998: result: yes
configure:22012: checking for xdr_float in -lnsl
configure:22045: cc -o conftest  -O3 -fomit-frame-pointer -finline-functions -Wall -Wno-unused -msse2 -funroll-all-loops -std=gnu99 -fexcess-precision=fast    conftest.c -lnsl  -lm  >&5
configure:22045: $? = 0
configure:22054: result: yes
configure:22095: cc -o conftest  -O3 -fomit-frame-pointer -finline-functions -Wall -Wno-unused -msse2 -funroll-all-loops -std=gnu99 -fexcess-precision=fast    conftest.c -lnsl -lm  >&5
conftest.c: In function 'main':
conftest.c:59:29: warning: 'xd' is used uninitialized in this function [-Wuninitialized]
  XDR *xd; float f; xdr_float(xd,&f);
                             ^
configure:22095: $? = 0
configure:22115: checking for working memcmp
configure:22166: cc -o conftest  -O3 -fomit-frame-pointer -finline-functions -Wall -Wno-unused -msse2 -funroll-all-loops -std=gnu99 -fexcess-precision=fast    conftest.c -lnsl -lm  >&5
configure:22166: $? = 0
configure:22166: ./conftest
configure:22166: $? = 0
configure:22176: result: yes
configure:22185: checking return type of signal handlers
configure:22211: cc -c  -O3 -fomit-frame-pointer -finline-functions -Wall -Wno-unused -msse2 -funroll-all-loops -std=gnu99 -fexcess-precision=fast  conftest.c >&5
conftest.c: In function 'main':
conftest.c:50:1: error: void value not ignored as it ought to be
 return *(signal (0, 0)) (0) == 1;
 ^
configure:22211: $? = 1
configure: failed program was:
| /* confdefs.h */
| #define PACKAGE_NAME "xdrfile"
| #define PACKAGE_TARNAME "xdrfile"
| #define PACKAGE_VERSION "1.1.2"
| #define PACKAGE_STRING "xdrfile 1.1.2"
| #define PACKAGE_BUGREPORT "gmx-users@gromacs.org"
| #define PACKAGE_URL ""
| #define PACKAGE "xdrfile"
| #define VERSION "1.1.2"
| #define BUILD_TIME "Mon Sep 29 15:37:11 CEST 2014"
| #define BUILD_USER "jkapl@mmkdmpc"
| #define BUILD_MACHINE "Linux 3.13.0-36-generic x86_64"
| #define F77_OR_C_FUNC(name,NAME) name
| #define F77_OR_C_FUNC_(name,NAME) name
| #define STDC_HEADERS 1
| #define HAVE_SYS_TYPES_H 1
| #define HAVE_SYS_STAT_H 1
| #define HAVE_STDLIB_H 1
| #define HAVE_STRING_H 1
| #define HAVE_MEMORY_H 1
| #define HAVE_STRINGS_H 1
| #define HAVE_INTTYPES_H 1
| #define HAVE_STDINT_H 1
| #define HAVE_UNISTD_H 1
| #define SIZEOF_INT 4
| #define SIZEOF_LONG_INT 8
| #define SIZEOF_LONG_LONG_INT 8
| #define FLOAT_FORMAT_IEEE754 /**/
| #define HAVE_DLFCN_H 1
| #define HAVE_FSEEKO 1
| #define HAVE_LIBM 1
| #define HAVE_RPC_RPC_H 1
| #define HAVE_RPC_XDR_H 1
| #define HAVE_LIBNSL 1
| /* end confdefs.h.  */
| #include <sys/types.h>
| #include <signal.h>
| 
| #ifdef F77_DUMMY_MAIN
| 
| #  ifdef __cplusplus
|      extern "C"
| #  endif
|    int F77_DUMMY_MAIN() { return 1; }
| 
| #endif
| int
| main ()
| {
| return *(signal (0, 0)) (0) == 1;
|   ;
|   return 0;
| }
configure:22218: result: void
configure:22228: checking for vprintf
configure:22228: cc -o conftest  -O3 -fomit-frame-pointer -finline-functions -Wall -Wno-unused -msse2 -funroll-all-loops -std=gnu99 -fexcess-precision=fast    conftest.c -lnsl -lm  >&5
conftest.c:60:6: warning: conflicting types for built-in function 'vprintf' [enabled by default]
 char vprintf ();
      ^
configure:22228: $? = 0
configure:22228: result: yes
configure:22234: checking for _doprnt
configure:22234: cc -o conftest  -O3 -fomit-frame-pointer -finline-functions -Wall -Wno-unused -msse2 -funroll-all-loops -std=gnu99 -fexcess-precision=fast    conftest.c -lnsl -lm  >&5
/tmp/cc0ZsQtE.o: In function `main':
conftest.c:(.text.startup+0x7): undefined reference to `_doprnt'
collect2: error: ld returned 1 exit status
configure:22234: $? = 1
configure: failed program was:
| /* confdefs.h */
| #define PACKAGE_NAME "xdrfile"
| #define PACKAGE_TARNAME "xdrfile"
| #define PACKAGE_VERSION "1.1.2"
| #define PACKAGE_STRING "xdrfile 1.1.2"
| #define PACKAGE_BUGREPORT "gmx-users@gromacs.org"
| #define PACKAGE_URL ""
| #define PACKAGE "xdrfile"
| #define VERSION "1.1.2"
| #define BUILD_TIME "Mon Sep 29 15:37:11 CEST 2014"
| #define BUILD_USER "jkapl@mmkdmpc"
| #define BUILD_MACHINE "Linux 3.13.0-36-generic x86_64"
| #define F77_OR_C_FUNC(name,NAME) name
| #define F77_OR_C_FUNC_(name,NAME) name
| #define STDC_HEADERS 1
| #define HAVE_SYS_TYPES_H 1
| #define HAVE_SYS_STAT_H 1
| #define HAVE_STDLIB_H 1
| #define HAVE_STRING_H 1
| #define HAVE_MEMORY_H 1
| #define HAVE_STRINGS_H 1
| #define HAVE_INTTYPES_H 1
| #define HAVE_STDINT_H 1
| #define HAVE_UNISTD_H 1
| #define SIZEOF_INT 4
| #define SIZEOF_LONG_INT 8
| #define SIZEOF_LONG_LONG_INT 8
| #define FLOAT_FORMAT_IEEE754 /**/
| #define HAVE_DLFCN_H 1
| #define HAVE_FSEEKO 1
| #define HAVE_LIBM 1
| #define HAVE_RPC_RPC_H 1
| #define HAVE_RPC_XDR_H 1
| #define HAVE_LIBNSL 1
| #define RETSIGTYPE void
| #define HAVE_VPRINTF 1
| /* end confdefs.h.  */
| /* Define _doprnt to an innocuous variant, in case <limits.h> declares _doprnt.
|    For example, HP-UX 11i <limits.h> declares gettimeofday.  */
| #define _doprnt innocuous__doprnt
| 
| /* System header to define __stub macros and hopefully few prototypes,
|     which can conflict with char _doprnt (); below.
|     Prefer <limits.h> to <assert.h> if __STDC__ is defined, since
|     <limits.h> exists even on freestanding compilers.  */
| 
| #ifdef __STDC__
| # include <limits.h>
| #else
| # include <assert.h>
| #endif
| 
| #undef _doprnt
| 
| /* Override any GCC internal prototype to avoid an error.
|    Use char because int might match the return type of a GCC
|    builtin and then its argument prototype would still apply.  */
| #ifdef __cplusplus
| extern "C"
| #endif
| char _doprnt ();
| /* The GNU C library defines this for functions which it implements
|     to always fail with ENOSYS.  Some functions are actually named
|     something starting with __ and the normal name is an alias.  */
| #if defined __stub__doprnt || defined __stub____doprnt
| choke me
| #endif
| 
| #ifdef F77_DUMMY_MAIN
| 
| #  ifdef __cplusplus
|      extern "C"
| #  endif
|    int F77_DUMMY_MAIN() { return 1; }
| 
| #endif
| int
| main ()
| {
| return _doprnt ();
|   ;
|   return 0;
| }
configure:22234: result: no
configure:22245: checking if malloc debugging is wanted
configure:22263: result: no
configure:22270: checking for strcasecmp
configure:22270: cc -o conftest  -O3 -fomit-frame-pointer -finline-functions -Wall -Wno-unused -msse2 -funroll-all-loops -std=gnu99 -fexcess-precision=fast    conftest.c -lnsl -lm  >&5
conftest.c:61:6: warning: conflicting types for built-in function 'strcasecmp' [enabled by default]
 char strcasecmp ();
      ^
configure:22270: $? = 0
configure:22270: result: yes
configure:22281: checking for strdup
configure:22281: cc -o conftest  -O3 -fomit-frame-pointer -finline-functions -Wall -Wno-unused -msse2 -funroll-all-loops -std=gnu99 -fexcess-precision=fast    conftest.c -lnsl -lm  >&5
conftest.c:62:6: warning: conflicting types for built-in function 'strdup' [enabled by default]
 char strdup ();
      ^
configure:22281: $? = 0
configure:22281: result: yes
configure:22291: checking for bool
configure:22291: cc -c  -O3 -fomit-frame-pointer -finline-functions -Wall -Wno-unused -msse2 -funroll-all-loops -std=gnu99 -fexcess-precision=fast  conftest.c >&5
conftest.c: In function 'main':
conftest.c:84:13: error: 'bool' undeclared (first use in this function)
 if (sizeof (bool))
             ^
conftest.c:84:13: note: each undeclared identifier is reported only once for each function it appears in
configure:22291: $? = 1
configure: failed program was:
| /* confdefs.h */
| #define PACKAGE_NAME "xdrfile"
| #define PACKAGE_TARNAME "xdrfile"
| #define PACKAGE_VERSION "1.1.2"
| #define PACKAGE_STRING "xdrfile 1.1.2"
| #define PACKAGE_BUGREPORT "gmx-users@gromacs.org"
| #define PACKAGE_URL ""
| #define PACKAGE "xdrfile"
| #define VERSION "1.1.2"
| #define BUILD_TIME "Mon Sep 29 15:37:11 CEST 2014"
| #define BUILD_USER "jkapl@mmkdmpc"
| #define BUILD_MACHINE "Linux 3.13.0-36-generic x86_64"
| #define F77_OR_C_FUNC(name,NAME) name
| #define F77_OR_C_FUNC_(name,NAME) name
| #define STDC_HEADERS 1
| #define HAVE_SYS_TYPES_H 1
| #define HAVE_SYS_STAT_H 1
| #define HAVE_STDLIB_H 1
| #define HAVE_STRING_H 1
| #define HAVE_MEMORY_H 1
| #define HAVE_STRINGS_H 1
| #define HAVE_INTTYPES_H 1
| #define HAVE_STDINT_H 1
| #define HAVE_UNISTD_H 1
| #define SIZEOF_INT 4
| #define SIZEOF_LONG_INT 8
| #define SIZEOF_LONG_LONG_INT 8
| #define FLOAT_FORMAT_IEEE754 /**/
| #define HAVE_DLFCN_H 1
| #define HAVE_FSEEKO 1
| #define HAVE_LIBM 1
| #define HAVE_RPC_RPC_H 1
| #define HAVE_RPC_XDR_H 1
| #define HAVE_LIBNSL 1
| #define RETSIGTYPE void
| #define HAVE_VPRINTF 1
| #define HAVE_STRCASECMP 1
| #define HAVE_STRDUP 1
| /* end confdefs.h.  */
| #include <stdio.h>
| #ifdef HAVE_SYS_TYPES_H
| # include <sys/types.h>
| #endif
| #ifdef HAVE_SYS_STAT_H
| # include <sys/stat.h>
| #endif
| #ifdef STDC_HEADERS
| # include <stdlib.h>
| # include <stddef.h>
| #else
| # ifdef HAVE_STDLIB_H
| #  include <stdlib.h>
| # endif
| #endif
| #ifdef HAVE_STRING_H
| # if !defined STDC_HEADERS && defined HAVE_MEMORY_H
| #  include <memory.h>
| # endif
| # include <string.h>
| #endif
| #ifdef HAVE_STRINGS_H
| # include <strings.h>
| #endif
| #ifdef HAVE_INTTYPES_H
| # include <inttypes.h>
| #endif
| #ifdef HAVE_STDINT_H
| # include <stdint.h>
| #endif
| #ifdef HAVE_UNISTD_H
| # include <unistd.h>
| #endif
| #ifdef F77_DUMMY_MAIN
| 
| #  ifdef __cplusplus
|      extern "C"
| #  endif
|    int F77_DUMMY_MAIN() { return 1; }
| 
| #endif
| int
| main ()
| {
| if (sizeof (bool))
| 	 return 0;
|   ;
|   return 0;
| }
configure:22291: result: no
configure:22332: checking limits.h usability
configure:22332: cc -c  -O3 -fomit-frame-pointer -finline-functions -Wall -Wno-unused -msse2 -funroll-all-loops -std=gnu99 -fexcess-precision=fast  conftest.c >&5
configure:22332: $? = 0
configure:22332: result: yes
configure:22332: checking limits.h presence
configure:22332: cc -E  conftest.c
configure:22332: $? = 0
configure:22332: result: yes
configure:22332: checking for limits.h
configure:22332: result: yes
configure:22332: checking for strings.h
configure:22332: result: yes
configure:22332: checking for unistd.h
configure:22332: result: yes
configure:22346: checking for unistd.h
configure:22346: result: yes
configure:22359: checking for an ANSI C-conforming const
configure:22433: cc -c  -O3 -fomit-frame-pointer -finline-functions -Wall -Wno-unused -msse2 -funroll-all-loops -std=gnu99 -fexcess-precision=fast  conftest.c >&5
configure:22433: $? = 0
configure:22440: result: yes
configure:22448: checking for size_t
configure:22448: cc -c  -O3 -fomit-frame-pointer -finline-functions -Wall -Wno-unused -msse2 -funroll-all-loops -std=gnu99 -fexcess-precision=fast  conftest.c >&5
configure:22448: $? = 0
configure:22448: cc -c  -O3 -fomit-frame-pointer -finline-functions -Wall -Wno-unused -msse2 -funroll-all-loops -std=gnu99 -fexcess-precision=fast  conftest.c >&5
conftest.c: In function 'main':
conftest.c:88:21: error: expected expression before ')' token
 if (sizeof ((size_t)))
                     ^
configure:22448: $? = 1
configure: failed program was:
| /* confdefs.h */
| #define PACKAGE_NAME "xdrfile"
| #define PACKAGE_TARNAME "xdrfile"
| #define PACKAGE_VERSION "1.1.2"
| #define PACKAGE_STRING "xdrfile 1.1.2"
| #define PACKAGE_BUGREPORT "gmx-users@gromacs.org"
| #define PACKAGE_URL ""
| #define PACKAGE "xdrfile"
| #define VERSION "1.1.2"
| #define BUILD_TIME "Mon Sep 29 15:37:11 CEST 2014"
| #define BUILD_USER "jkapl@mmkdmpc"
| #define BUILD_MACHINE "Linux 3.13.0-36-generic x86_64"
| #define F77_OR_C_FUNC(name,NAME) name
| #define F77_OR_C_FUNC_(name,NAME) name
| #define STDC_HEADERS 1
| #define HAVE_SYS_TYPES_H 1
| #define HAVE_SYS_STAT_H 1
| #define HAVE_STDLIB_H 1
| #define HAVE_STRING_H 1
| #define HAVE_MEMORY_H 1
| #define HAVE_STRINGS_H 1
| #define HAVE_INTTYPES_H 1
| #define HAVE_STDINT_H 1
| #define HAVE_UNISTD_H 1
| #define SIZEOF_INT 4
| #define SIZEOF_LONG_INT 8
| #define SIZEOF_LONG_LONG_INT 8
| #define FLOAT_FORMAT_IEEE754 /**/
| #define HAVE_DLFCN_H 1
| #define HAVE_FSEEKO 1
| #define HAVE_LIBM 1
| #define HAVE_RPC_RPC_H 1
| #define HAVE_RPC_XDR_H 1
| #define HAVE_LIBNSL 1
| #define RETSIGTYPE void
| #define HAVE_VPRINTF 1
| #define HAVE_STRCASECMP 1
| #define HAVE_STRDUP 1
| #define HAVE_LIMITS_H 1
| #define HAVE_STRINGS_H 1
| #define HAVE_UNISTD_H 1
| #define HAVE_UNISTD_H 1
| /* end confdefs.h.  */
| #include <stdio.h>
| #ifdef HAVE_SYS_TYPES_H
| # include <sys/types.h>
| #endif
| #ifdef HAVE_SYS_STAT_H
| # include <sys/stat.h>
| #endif
| #ifdef STDC_HEADERS
| # include <stdlib.h>
| # include <stddef.h>
| #else
| # ifdef HAVE_STDLIB_H
| #  include <stdlib.h>
| # endif
| #endif
| #ifdef HAVE_STRING_H
| # if !defined STDC_HEADERS && defined HAVE_MEMORY_H
| #  include <memory.h>
| # endif
| # include <string.h>
| #endif
| #ifdef HAVE_STRINGS_H
| # include <strings.h>
| #endif
| #ifdef HAVE_INTTYPES_H
| # include <inttypes.h>
| #endif
| #ifdef HAVE_STDINT_H
| # include <stdint.h>
| #endif
| #ifdef HAVE_UNISTD_H
| # include <unistd.h>
| #endif
| #ifdef F77_DUMMY_MAIN
| 
| #  ifdef __cplusplus
|      extern "C"
| #  endif
|    int F77_DUMMY_MAIN() { return 1; }
| 
| #endif
| int
| main ()
| {
| if (sizeof ((size_t)))
| 	    return 0;
|   ;
|   return 0;
| }
configure:22448: result: yes
configure:22459: checking whether struct tm is in sys/time.h or time.h
configure:22487: cc -c  -O3 -fomit-frame-pointer -finline-functions -Wall -Wno-unused -msse2 -funroll-all-loops -std=gnu99 -fexcess-precision=fast  conftest.c >&5
configure:22487: $? = 0
configure:22494: result: time.h
configure:22502: checking for uid_t in sys/types.h
configure:22521: result: yes
configure:22532: checking for inline
configure:22548: cc -c  -O3 -fomit-frame-pointer -finline-functions -Wall -Wno-unused -msse2 -funroll-all-loops -std=gnu99 -fexcess-precision=fast  conftest.c >&5
configure:22548: $? = 0
configure:22556: result: inline
configure:22590: checking whether byte ordering is bigendian
configure:22844: result: no
configure:23144: creating ./config.status

## ---------------- ##
## Cache variables. ##
## ---------------- ##

ac_cv_build=x86_64-unknown-linux-gnu
ac_cv_c_bigendian=no
ac_cv_c_compiler_gnu=yes
ac_cv_c_const=yes
ac_cv_c_inline=inline
ac_cv_cxx_compiler_gnu=yes
ac_cv_env_CCASFLAGS_set=
ac_cv_env_CCASFLAGS_value=
ac_cv_env_CCAS_set=
ac_cv_env_CCAS_value=
ac_cv_env_CCC_set=
ac_cv_env_CCC_value=
ac_cv_env_CC_set=
ac_cv_env_CC_value=
ac_cv_env_CFLAGS_set=
ac_cv_env_CFLAGS_value=
ac_cv_env_CPPFLAGS_set=
ac_cv_env_CPPFLAGS_value=
ac_cv_env_CPP_set=
ac_cv_env_CPP_value=
ac_cv_env_CXXCPP_set=
ac_cv_env_CXXCPP_value=
ac_cv_env_CXXFLAGS_set=
ac_cv_env_CXXFLAGS_value=
ac_cv_env_CXX_set=
ac_cv_env_CXX_value=
ac_cv_env_F77_set=
ac_cv_env_F77_value=
ac_cv_env_FFLAGS_set=
ac_cv_env_FFLAGS_value=
ac_cv_env_LDFLAGS_set=
ac_cv_env_LDFLAGS_value=
ac_cv_env_LIBS_set=
ac_cv_env_LIBS_value=
ac_cv_env_build_alias_set=
ac_cv_env_build_alias_value=
ac_cv_env_host_alias_set=
ac_cv_env_host_alias_value=
ac_cv_env_target_alias_set=
ac_cv_env_target_alias_value=
ac_cv_func__doprnt=no
ac_cv_func_memcmp_working=yes
ac_cv_func_strcasecmp=yes
ac_cv_func_strdup=yes
ac_cv_func_vprintf=yes
ac_cv_header_dlfcn_h=yes
ac_cv_header_inttypes_h=yes
ac_cv_header_limits_h=yes
ac_cv_header_memory_h=yes
ac_cv_header_rpc_rpc_h=yes
ac_cv_header_rpc_xdr_h=yes
ac_cv_header_stdc=yes
ac_cv_header_stdint_h=yes
ac_cv_header_stdlib_h=yes
ac_cv_header_string_h=yes
ac_cv_header_strings_h=yes
ac_cv_header_sys_stat_h=yes
ac_cv_header_sys_types_h=yes
ac_cv_header_unistd_h=yes
ac_cv_host=x86_64-unknown-linux-gnu
ac_cv_lib_m_sqrt=yes
ac_cv_lib_nsl_xdr_float=yes
ac_cv_objext=o
ac_cv_path_EGREP='/bin/grep -E'
ac_cv_path_GREP=/bin/grep
ac_cv_path_install='/usr/bin/install -c'
ac_cv_prog_AWK=gawk
ac_cv_prog_CPP='cc -E'
ac_cv_prog_CXXCPP='g++ -E'
ac_cv_prog_ac_ct_AR=ar
ac_cv_prog_ac_ct_CC=cc
ac_cv_prog_ac_ct_CXX=g++
ac_cv_prog_ac_ct_RANLIB=ranlib
ac_cv_prog_ac_ct_STRIP=strip
ac_cv_prog_cc_c89=
ac_cv_prog_cc_g=yes
ac_cv_prog_cxx_g=yes
ac_cv_prog_make_make_set=yes
ac_cv_sizeof_int=4
ac_cv_sizeof_long_int=8
ac_cv_sizeof_long_long_int=8
ac_cv_struct_tm=time.h
ac_cv_sys_file_offset_bits=no
ac_cv_sys_largefile_CC=no
ac_cv_sys_largefile_source=no
ac_cv_type_bool=no
ac_cv_type_signal=void
ac_cv_type_size_t=yes
ac_cv_type_uid_t=yes
am_cv_CC_dependencies_compiler_type=gcc3
am_cv_CXX_dependencies_compiler_type=gcc3
am_cv_prog_tar_ustar=cpio
lt_cv_deplibs_check_method=pass_all
lt_cv_file_magic_cmd='$MAGIC_CMD'
lt_cv_file_magic_test_file=
lt_cv_ld_reload_flag=-r
lt_cv_objdir=.libs
lt_cv_path_LD=/usr/bin/ld
lt_cv_path_LDCXX='/usr/bin/ld -m elf_x86_64'
lt_cv_path_NM='/usr/bin/nm -B'
lt_cv_path_SED=/bin/sed
lt_cv_prog_compiler_c_o=yes
lt_cv_prog_compiler_c_o_CXX=yes
lt_cv_prog_compiler_rtti_exceptions=no
lt_cv_prog_gnu_ld=yes
lt_cv_prog_gnu_ldcxx=yes
lt_cv_sys_global_symbol_pipe='sed -n -e '\''s/^.*[ 	]\([ABCDGIRSTW][ABCDGIRSTW]*\)[ 	][ 	]*\([_A-Za-z][_A-Za-z0-9]*\)$/\1 \2 \2/p'\'''
lt_cv_sys_global_symbol_to_c_name_address='sed -n -e '\''s/^: \([^ ]*\) $/  {\"\1\", (lt_ptr) 0},/p'\'' -e '\''s/^[BCDEGRST] \([^ ]*\) \([^ ]*\)$/  {"\2", (lt_ptr) \&\2},/p'\'''
lt_cv_sys_global_symbol_to_cdecl='sed -n -e '\''s/^. .* \(.*\)$/extern int \1;/p'\'''
lt_cv_sys_max_cmd_len=32768
lt_lt_cv_prog_compiler_c_o='"yes"'
lt_lt_cv_prog_compiler_c_o_CXX='"yes"'
lt_lt_cv_sys_global_symbol_pipe='"sed -n -e '\''s/^.*[ 	]\\([ABCDGIRSTW][ABCDGIRSTW]*\\)[ 	][ 	]*\\([_A-Za-z][_A-Za-z0-9]*\\)\$/\\1 \\2 \\2/p'\''"'
lt_lt_cv_sys_global_symbol_to_c_name_address='"sed -n -e '\''s/^: \\([^ ]*\\) \$/  {\\\"\\1\\\", (lt_ptr) 0},/p'\'' -e '\''s/^[BCDEGRST] \\([^ ]*\\) \\([^ ]*\\)\$/  {\"\\2\", (lt_ptr) \\&\\2},/p'\''"'
lt_lt_cv_sys_global_symbol_to_cdecl='"sed -n -e '\''s/^. .* \\(.*\\)\$/extern int \\1;/p'\''"'

## ----------------- ##
## Output variables. ##
## ----------------- ##

ACLOCAL='${SHELL} /media/data/projects/src/git-repos/mxdrfile/xdrfile-1.1.4/config/missing --run aclocal-1.9'
AMDEPBACKSLASH='\'
AMDEP_FALSE='#'
AMDEP_TRUE=''
AMTAR='${SHELL} /media/data/projects/src/git-repos/mxdrfile/xdrfile-1.1.4/config/missing --run tar'
AR='ar'
AS='cc'
ASFLAGS=' -O3 -fomit-frame-pointer -finline-functions -Wall -Wno-unused -msse2 -funroll-all-loops -std=gnu99 -fexcess-precision=fast'
AUTOCONF='${SHELL} /media/data/projects/src/git-repos/mxdrfile/xdrfile-1.1.4/config/missing --run autoconf'
AUTOHEADER='${SHELL} /media/data/projects/src/git-repos/mxdrfile/xdrfile-1.1.4/config/missing --run autoheader'
AUTOMAKE='${SHELL} /media/data/projects/src/git-repos/mxdrfile/xdrfile-1.1.4/config/missing --run automake-1.9'
AWK='gawk'
CC='cc'
CCAS='cc'
CCASFLAGS=' -O3 -fomit-frame-pointer -finline-functions -Wall -Wno-unused -msse2 -funroll-all-loops -std=gnu99 -fexcess-precision=fast'
CCDEPMODE='depmode=gcc3'
CC_FOR_BUILD='cc'
CFLAGS=' -O3 -fomit-frame-pointer -finline-functions -Wall -Wno-unused -msse2 -funroll-all-loops -std=gnu99 -fexcess-precision=fast'
CPP='cc -E'
CPPFLAGS=''
CXX='g++'
CXXCPP='g++ -E'
CXXDEPMODE='depmode=gcc3'
CXXFLAGS='-g -O2'
CYGPATH_W='echo'
DEFS='-DHAVE_CONFIG_H'
DEPDIR='.deps'
DLLTOOL='dlltool'
ECHO='echo'
ECHO_C=''
ECHO_N='-n'
ECHO_T=''
EGREP='/bin/grep -E'
EXEEXT=''
F77=''
F77LINK='$(LINK)'
FFLAGS=''
FLIBS=''
GMXANA_LIBOBJS=''
GMXLIB_LIBOBJS=''
GMX_FORTRAN_FALSE=''
GMX_FORTRAN_TRUE='#'
GREP='/bin/grep'
INCLUDES=''
INSTALL_DATA='${INSTALL} -m 644'
INSTALL_PROGRAM='${INSTALL}'
INSTALL_SCRIPT='${INSTALL}'
INSTALL_STRIP_PROGRAM='${SHELL} $(install_sh) -c -s'
LDFLAGS='  '
LIBOBJS=''
LIBS='-lnsl -lm  '
LIBSUFFIX=''
LIBTOOL='$(SHELL) $(top_builddir)/libtool'
LN_S='ln -s'
LTLIBOBJS=''
MAKEINFO='${SHELL} /media/data/projects/src/git-repos/mxdrfile/xdrfile-1.1.4/config/missing --run makeinfo'
MDLIB_LIBOBJS=''
MPICC=''
OBJDUMP='objdump'
OBJEXT='o'
PACKAGE='xdrfile'
PACKAGE_BUGREPORT='gmx-users@gromacs.org'
PACKAGE_NAME='xdrfile'
PACKAGE_STRING='xdrfile 1.1.2'
PACKAGE_TARNAME='xdrfile'
PACKAGE_URL=''
PACKAGE_VERSION='1.1.2'
PATH_SEPARATOR=':'
RANLIB='ranlib'
RPM='rpm'
SET_MAKE=''
SHARED_VERSION_INFO='4:0:0'
SHELL='/bin/bash'
STRIP='strip'
VERSION='1.1.2'
ac_ct_CC='cc'
ac_ct_CXX='g++'
ac_ct_F77=''
am__fastdepCC_FALSE='#'
am__fastdepCC_TRUE=''
am__fastdepCXX_FALSE='#'
am__fastdepCXX_TRUE=''
am__include='include'
am__leading_dot='.'
am__quote=''
am__tar='find "$$tardir" -print | cpio -o -H ustar -L'
am__untar='cpio -i -H ustar -d'
bindir='${exec_prefix}/bin'
build='x86_64-unknown-linux-gnu'
build_alias=''
build_cpu='x86_64'
build_os='linux-gnu'
build_vendor='unknown'
datadir='${datarootdir}'
datarootdir='${prefix}/share'
docdir='${datarootdir}/doc/${PACKAGE_TARNAME}'
dvidir='${docdir}'
exec_prefix='${prefix}'
host='x86_64-unknown-linux-gnu'
host_alias=''
host_cpu='x86_64'
host_os='linux-gnu'
host_vendor='unknown'
htmldir='${docdir}'
includedir='${prefix}/include'
infodir='${datarootdir}/info'
install_sh='/media/data/projects/src/git-repos/mxdrfile/xdrfile-1.1.4/config/install-sh'
libdir='${exec_prefix}/lib'
libexecdir='${exec_prefix}/libexec'
localedir='${datarootdir}/locale'
localstatedir='${prefix}/var'
mandir='${datarootdir}/man'
mkdir_p='mkdir -p --'
oldincludedir='/usr/include'
pdfdir='${docdir}'
prefix='/media/data/projects/src/git-repos/mxdrfile'
program_transform_name='s,x,x,'
psdir='${docdir}'
sbindir='${exec_prefix}/sbin'
sharedstatedir='${prefix}/com'
sysconfdir='${prefix}/etc'
target_alias=''

## ----------- ##
## confdefs.h. ##
## ----------- ##

/* confdefs.h */
#define PACKAGE_NAME "xdrfile"
#define PACKAGE_TARNAME "xdrfile"
#define PACKAGE_VERSION "1.1.2"
#define PACKAGE_STRING "xdrfile 1.1.2"
#define PACKAGE_BUGREPORT "gmx-users@gromacs.org"
#define PACKAGE_URL ""
#define PACKAGE "xdrfile"
#define VERSION "1.1.2"
#define BUILD_TIME "Mon Sep 29 15:37:11 CEST 2014"
#define BUILD_USER "jkapl@mmkdmpc"
#define BUILD_MACHINE "Linux 3.13.0-36-generic x86_64"
#define F77_OR_C_FUNC(name,NAME) name
#define F77_OR_C_FUNC_(name,NAME) name
#define STDC_HEADERS 1
#define HAVE_SYS_TYPES_H 1
#define HAVE_SYS_STAT_H 1
#define HAVE_STDLIB_H 1
#define HAVE_STRING_H 1
#define HAVE_MEMORY_H 1
#define HAVE_STRINGS_H 1
#define HAVE_INTTYPES_H 1
#define HAVE_STDINT_H 1
#define HAVE_UNISTD_H 1
#define SIZEOF_INT 4
#define SIZEOF_LONG_INT 8
#define SIZEOF_LONG_LONG_INT 8
#define FLOAT_FORMAT_IEEE754 /**/
#define HAVE_DLFCN_H 1
#define HAVE_FSEEKO 1
#define HAVE_LIBM 1
#define HAVE_RPC_RPC_H 1
#define HAVE_RPC_XDR_H 1
#define HAVE_LIBNSL 1
#define RETSIGTYPE void
#define HAVE_VPRINTF 1
#define HAVE_STRCASECMP 1
#define HAVE_STRDUP 1
#define HAVE_LIMITS_H 1
#define HAVE_STRINGS_H 1
#define HAVE_UNISTD_H 1
#define HAVE_UNISTD_H 1

configure: exit 0

## ---------------------- ##
## Running config.status. ##
## ---------------------- ##

This file was extended by xdrfile config.status 1.1.2, which was
generated by GNU Autoconf 2.69.  Invocation command line was

  CONFIG_FILES    = 
  CONFIG_HEADERS  = 
  CONFIG_LINKS    = 
  CONFIG_COMMANDS = 
  $ ./config.status 

on mmkdmpc

config.status:912: creating Makefile
config.status:912: creating include/Makefile
config.status:912: creating src/Makefile
config.status:912: creating src/python/Makefile
config.status:912: creating config.h
config.status:1134: executing depfiles commands

## ---------------------- ##
## Running config.status. ##
## ---------------------- ##

This file was extended by xdrfile config.status 1.1.2, which was
generated by GNU Autoconf 2.69.  Invocation command line was

  CONFIG_FILES    = 
  CONFIG_HEADERS  = 
  CONFIG_LINKS    = 
  CONFIG_COMMANDS = 
  $ ./config.status config.h

on mmkdmpc

config.status:912: creating config.h
